2021-11-14 10:08:59,636 werkzeug - INFO: * Restarting with stat
2021-11-14 10:09:00,103 werkzeug - WARNING: * Debugger is active!
2021-11-14 10:09:00,106 werkzeug - INFO: * Debugger PIN: 145-561-508
2021-11-14 10:09:00,151 werkzeug - WARNING: * Running on all addresses.
   WARNING: This is a development server. Do not use it in a production deployment.
2021-11-14 10:09:00,151 werkzeug - INFO: * Running on http://35.16.6.70:5000/ (Press CTRL+C to quit)
2021-11-14 10:09:44,910 werkzeug - INFO: * Detected change in 'E:\\OTHER STUFFS\\Projects\\shop_telegram_python\\bot.py', reloading
2021-11-14 10:09:45,118 werkzeug - INFO: * Restarting with stat
2021-11-14 10:09:45,589 werkzeug - WARNING: * Debugger is active!
2021-11-14 10:09:45,593 werkzeug - INFO: * Debugger PIN: 145-561-508
2021-11-14 10:09:45,630 werkzeug - WARNING: * Running on all addresses.
   WARNING: This is a development server. Do not use it in a production deployment.
2021-11-14 10:09:45,630 werkzeug - INFO: * Running on http://35.16.6.70:5000/ (Press CTRL+C to quit)
2021-11-14 10:12:47,004 werkzeug - INFO: * Detected change in 'E:\\OTHER STUFFS\\Projects\\shop_telegram_python\\bot.py', reloading
2021-11-14 10:12:47,085 werkzeug - INFO: * Restarting with stat
2021-11-14 10:12:47,664 werkzeug - WARNING: * Debugger is active!
2021-11-14 10:12:47,668 werkzeug - INFO: * Debugger PIN: 145-561-508
2021-11-14 10:12:47,705 werkzeug - WARNING: * Running on all addresses.
   WARNING: This is a development server. Do not use it in a production deployment.
2021-11-14 10:12:47,706 werkzeug - INFO: * Running on http://35.16.6.70:5000/ (Press CTRL+C to quit)
2021-11-14 10:13:11,210 werkzeug - INFO: * Restarting with stat
2021-11-14 10:13:11,690 werkzeug - WARNING: * Debugger is active!
2021-11-14 10:13:11,694 werkzeug - INFO: * Debugger PIN: 145-561-508
2021-11-14 10:13:11,733 werkzeug - WARNING: * Running on all addresses.
   WARNING: This is a development server. Do not use it in a production deployment.
2021-11-14 10:13:11,733 werkzeug - INFO: * Running on http://35.16.6.70:5000/ (Press CTRL+C to quit)
2021-11-14 10:14:44,720 werkzeug - INFO: * Detected change in 'e:\\OTHER STUFFS\\Projects\\shop_telegram_python\\bot.py', reloading
2021-11-14 10:14:44,792 werkzeug - INFO: * Restarting with stat
2021-11-14 10:21:44,260 werkzeug - INFO: * Restarting with stat
2021-11-14 10:21:47,725 werkzeug - WARNING: * Debugger is active!
2021-11-14 10:21:47,728 werkzeug - INFO: * Debugger PIN: 145-561-508
2021-11-14 10:21:47,770 werkzeug - WARNING: * Running on all addresses.
   WARNING: This is a development server. Do not use it in a production deployment.
2021-11-14 10:21:47,770 werkzeug - INFO: * Running on http://35.16.6.70:5000/ (Press CTRL+C to quit)
2021-11-14 10:23:04,552 werkzeug - INFO: * Restarting with stat
2021-11-14 10:23:05,002 werkzeug - WARNING: * Debugger is active!
2021-11-14 10:23:05,005 werkzeug - INFO: * Debugger PIN: 145-561-508
2021-11-14 10:23:05,041 werkzeug - WARNING: * Running on all addresses.
   WARNING: This is a development server. Do not use it in a production deployment.
2021-11-14 10:23:05,041 werkzeug - INFO: * Running on http://35.16.6.70:5000/ (Press CTRL+C to quit)
2021-11-14 10:38:43,282 werkzeug - INFO: * Restarting with stat
2021-11-14 10:38:43,724 werkzeug - WARNING: * Debugger is active!
2021-11-14 10:38:43,728 werkzeug - INFO: * Debugger PIN: 145-561-508
2021-11-14 10:38:43,763 werkzeug - WARNING: * Running on all addresses.
   WARNING: This is a development server. Do not use it in a production deployment.
2021-11-14 10:38:43,763 werkzeug - INFO: * Running on http://35.16.6.70:5000/ (Press CTRL+C to quit)
2021-11-14 10:46:36,167 werkzeug - INFO: * Restarting with stat
2021-11-14 10:46:38,116 werkzeug - WARNING: * Debugger is active!
2021-11-14 10:46:38,121 werkzeug - INFO: * Debugger PIN: 145-561-508
2021-11-14 10:46:38,156 werkzeug - WARNING: * Running on all addresses.
   WARNING: This is a development server. Do not use it in a production deployment.
2021-11-14 10:46:38,157 werkzeug - INFO: * Running on http://35.16.6.70:5000/ (Press CTRL+C to quit)
2021-11-14 10:48:21,524 werkzeug - INFO: * Detected change in 'E:\\OTHER STUFFS\\Projects\\shop_telegram_python\\bot.py', reloading
2021-11-14 10:48:21,645 werkzeug - INFO: * Restarting with stat
2021-11-14 10:49:25,956 werkzeug - INFO: * Restarting with stat
2021-11-14 10:49:26,410 werkzeug - WARNING: * Debugger is active!
2021-11-14 10:49:26,414 werkzeug - INFO: * Debugger PIN: 145-561-508
2021-11-14 10:49:26,449 werkzeug - WARNING: * Running on all addresses.
   WARNING: This is a development server. Do not use it in a production deployment.
2021-11-14 10:49:26,449 werkzeug - INFO: * Running on http://35.16.6.70:5000/ (Press CTRL+C to quit)
2021-11-14 10:49:36,004 werkzeug - INFO: * Detected change in 'E:\\OTHER STUFFS\\Projects\\shop_telegram_python\\bot.py', reloading
2021-11-14 10:49:36,078 werkzeug - INFO: * Restarting with stat
2021-11-14 10:49:36,577 werkzeug - WARNING: * Debugger is active!
2021-11-14 10:49:36,581 werkzeug - INFO: * Debugger PIN: 145-561-508
2021-11-14 10:49:36,630 werkzeug - WARNING: * Running on all addresses.
   WARNING: This is a development server. Do not use it in a production deployment.
2021-11-14 10:49:36,630 werkzeug - INFO: * Running on http://35.16.6.70:5000/ (Press CTRL+C to quit)
2021-11-14 10:50:24,923 werkzeug - INFO: * Detected change in 'E:\\OTHER STUFFS\\Projects\\shop_telegram_python\\bot.py', reloading
2021-11-14 10:50:24,992 werkzeug - INFO: * Restarting with stat
2021-11-14 10:53:37,788 werkzeug - INFO: * Restarting with stat
2021-11-14 10:53:38,227 werkzeug - WARNING: * Debugger is active!
2021-11-14 10:53:38,231 werkzeug - INFO: * Debugger PIN: 145-561-508
2021-11-14 10:53:38,266 werkzeug - WARNING: * Running on all addresses.
   WARNING: This is a development server. Do not use it in a production deployment.
2021-11-14 10:53:38,267 werkzeug - INFO: * Running on http://35.16.6.70:5000/ (Press CTRL+C to quit)
